2025-08-16 16:25:29,483 INFO s.s.S.SPDFApplication [main] Additional features in jar
2025-08-16 16:25:29,494 INFO s.s.c.c.ConfigInitializer [main] Created settings file from template
2025-08-16 16:25:29,495 INFO s.s.c.c.ConfigInitializer [main] Created custom_settings file: ./configs/custom_settings.yml
2025-08-16 16:25:29,498 INFO s.s.S.SPDFApplication [main] Settings file: ./configs/settings.yml
2025-08-16 16:25:29,499 INFO s.s.S.SPDFApplication [main] Custom settings file: ./configs/custom_settings.yml
2025-08-16 16:25:31,511 INFO s.s.S.SPDFApplication [main] Starting SPDFApplication v1.2.0 using Java 21.0.8 with PID 26 (/app.jar started by stirlingpdfuser in /)
2025-08-16 16:25:31,514 INFO s.s.S.SPDFApplication [main] The following 1 profile is active: "security"
2025-08-16 16:25:40,348 INFO s.s.p.s.c.DatabaseConfig [main] Using default H2 database
2025-08-16 16:25:54,157 INFO s.s.S.c.EndpointConfiguration [main] Disabled functional groups: enterprise
2025-08-16 16:25:54,158 INFO s.s.S.c.EndpointConfiguration [main] Total disabled endpoints: 1. Disabled endpoints: url-to-pdf
2025-08-16 16:25:55,739 INFO s.s.c.c.TempFileConfiguration [main] Created temporary directory: /tmp/stirling-pdf/stirling-pdf
2025-08-16 16:25:56,666 INFO s.s.c.u.FileMonitor [main] Monitoring directory: ./pipeline/watchedFolders
2025-08-16 16:25:58,286 INFO s.s.c.s.TempFileCleanupService [main] Created LibreOffice temp directory: /tmp/stirling-pdf/stirling-pdf/libreoffice
2025-08-16 16:25:58,287 INFO s.s.c.s.TempFileCleanupService [main] Running in Docker mode, using aggressive cleanup strategy
2025-08-16 16:25:58,291 INFO s.s.c.s.TempFileCleanupService [main] Startup cleanup complete. Deleted 0 temporary files/directories
2025-08-16 16:26:00,112 INFO s.s.p.s.s.DatabaseService [main] Database export completed: configs/db/backup/backup_202508161626.sql
2025-08-16 16:26:00,113 INFO s.s.p.s.InitialSecuritySetup [main] Default admin user created: admin
2025-08-16 16:26:00,311 INFO s.s.p.s.s.DatabaseService [main] Database export completed: configs/db/backup/backup_202508161626.sql
2025-08-16 16:26:00,421 INFO s.s.p.s.s.DatabaseService [main] Database export completed: configs/db/backup/backup_202508161626.sql
2025-08-16 16:26:00,423 INFO s.s.p.s.InitialSecuritySetup [main] Internal API user created: STIRLING-PDF-BACKEND-API-USER
2025-08-16 16:26:05,004 INFO s.s.c.s.JobQueue [main] Starting JobQueue lifecycle
2025-08-16 16:26:05,166 INFO s.s.S.SPDFApplication [main] Started SPDFApplication in 35.662 seconds (process running for 38.96)
2025-08-16 16:26:05,171 WARN s.s.c.u.FileMonitor [scheduling-1] not monitoring any directory, even the root directory itself: ./pipeline/watchedFolders
2025-08-16 16:26:05,180 INFO s.s.S.c.a.p.PipelineDirectoryProcessor [scheduling-1] Created directory: /./pipeline/watchedFolders
2025-08-16 16:26:05,188 INFO s.s.S.SPDFApplication [main] Stirling-PDF Started.
2025-08-16 16:26:05,189 INFO s.s.S.SPDFApplication [main] Navigate to http://localhost:8080/
2025-08-16 16:26:05,191 INFO s.s.c.s.TempFileCleanupService [scheduling-1] Running scheduled temporary file cleanup
2025-08-16 16:26:05,194 INFO s.s.c.u.TempFileManager [scheduling-1] Cleaned up 0 old temporary files
2025-08-16 16:26:05,195 INFO s.s.c.s.TempFileCleanupService [scheduling-1] Cleaned up 0 registered temporary files
2025-08-16 16:26:10,158 WARN s.s.c.u.FileMonitor [scheduling-1] not monitoring any directory, even the root directory itself: ./pipeline/watchedFolders
2025-08-16 16:26:10,161 INFO s.s.c.u.FileMonitor [scheduling-1] Registered directory: ./pipeline/watchedFolders
2025-08-16 16:33:54,739 INFO s.s.S.SPDFApplication [main] Additional features in jar
2025-08-16 16:33:56,182 INFO s.s.c.c.ConfigInitializer [main] Settings file updated based on template changes.
2025-08-16 16:33:56,183 INFO s.s.S.SPDFApplication [main] Settings file: ./configs/settings.yml
2025-08-16 16:33:56,186 INFO s.s.S.SPDFApplication [main] Custom settings file: ./configs/custom_settings.yml
2025-08-16 16:33:58,180 INFO s.s.S.SPDFApplication [main] Starting SPDFApplication v1.2.0 using Java 21.0.8 with PID 26 (/app.jar started by stirlingpdfuser in /)
2025-08-16 16:33:58,185 INFO s.s.S.SPDFApplication [main] The following 1 profile is active: "security"
2025-08-16 16:34:07,871 INFO s.s.p.s.c.DatabaseConfig [main] Using default H2 database
2025-08-16 16:34:20,148 INFO s.s.S.c.EndpointConfiguration [main] Disabled functional groups: enterprise
2025-08-16 16:34:20,163 INFO s.s.S.c.EndpointConfiguration [main] Total disabled endpoints: 1. Disabled endpoints: url-to-pdf
2025-08-16 16:34:21,798 INFO s.s.c.c.TempFileConfiguration [main] Created temporary directory: /tmp/stirling-pdf/stirling-pdf
2025-08-16 16:34:23,541 INFO s.s.c.u.FileMonitor [main] Monitoring directory: ./pipeline/watchedFolders
2025-08-16 16:34:25,303 INFO s.s.c.s.TempFileCleanupService [main] Created LibreOffice temp directory: /tmp/stirling-pdf/stirling-pdf/libreoffice
2025-08-16 16:34:25,304 INFO s.s.c.s.TempFileCleanupService [main] Running in Docker mode, using aggressive cleanup strategy
2025-08-16 16:34:25,311 INFO s.s.c.s.TempFileCleanupService [main] Startup cleanup complete. Deleted 0 temporary files/directories
2025-08-16 16:34:31,736 INFO s.s.c.s.JobQueue [main] Starting JobQueue lifecycle
2025-08-16 16:34:31,834 INFO s.s.S.SPDFApplication [main] Started SPDFApplication in 35.643 seconds (process running for 39.507)
2025-08-16 16:34:31,837 WARN s.s.c.u.FileMonitor [scheduling-1] not monitoring any directory, even the root directory itself: ./pipeline/watchedFolders
2025-08-16 16:34:31,840 INFO s.s.c.u.FileMonitor [scheduling-1] Registered directory: ./pipeline/watchedFolders
2025-08-16 16:34:31,851 INFO s.s.S.SPDFApplication [main] Stirling-PDF Started.
2025-08-16 16:34:31,853 INFO s.s.S.SPDFApplication [main] Navigate to http://localhost:8080/
2025-08-16 16:34:31,853 INFO s.s.c.s.TempFileCleanupService [scheduling-1] Running scheduled temporary file cleanup
2025-08-16 16:34:31,855 INFO s.s.c.u.TempFileManager [scheduling-1] Cleaned up 0 old temporary files
2025-08-16 16:34:31,856 INFO s.s.c.s.TempFileCleanupService [scheduling-1] Cleaned up 0 registered temporary files
2025-08-16 17:24:33,677 INFO s.s.S.SPDFApplication [main] Additional features in jar
2025-08-16 17:24:35,316 INFO s.s.c.c.ConfigInitializer [main] Settings file updated based on template changes.
2025-08-16 17:24:35,320 INFO s.s.S.SPDFApplication [main] Settings file: ./configs/settings.yml
2025-08-16 17:24:35,325 INFO s.s.S.SPDFApplication [main] Custom settings file: ./configs/custom_settings.yml
2025-08-16 17:24:37,281 INFO s.s.S.SPDFApplication [main] Starting SPDFApplication v1.2.0 using Java 21.0.8 with PID 24 (/app.jar started by stirlingpdfuser in /)
2025-08-16 17:24:37,284 INFO s.s.S.SPDFApplication [main] The following 1 profile is active: "security"
2025-08-16 17:24:48,803 INFO s.s.p.s.c.DatabaseConfig [main] Using default H2 database
2025-08-16 17:25:02,081 INFO s.s.S.c.EndpointConfiguration [main] Disabled functional groups: enterprise
2025-08-16 17:25:02,083 INFO s.s.S.c.EndpointConfiguration [main] Total disabled endpoints: 1. Disabled endpoints: url-to-pdf
2025-08-16 17:25:04,429 INFO s.s.c.u.FileMonitor [main] Monitoring directory: ./pipeline/watchedFolders
2025-08-16 17:25:05,895 INFO s.s.c.s.TempFileCleanupService [main] Running in Docker mode, using aggressive cleanup strategy
2025-08-16 17:25:05,901 INFO s.s.c.s.TempFileCleanupService [main] Startup cleanup complete. Deleted 0 temporary files/directories
2025-08-16 17:25:11,693 INFO s.s.c.s.JobQueue [main] Starting JobQueue lifecycle
2025-08-16 17:25:11,801 INFO s.s.S.SPDFApplication [main] Started SPDFApplication in 36.471 seconds (process running for 41.356)
2025-08-16 17:25:11,807 WARN s.s.c.u.FileMonitor [scheduling-1] not monitoring any directory, even the root directory itself: ./pipeline/watchedFolders
2025-08-16 17:25:11,809 INFO s.s.c.u.FileMonitor [scheduling-1] Registered directory: ./pipeline/watchedFolders
2025-08-16 17:25:11,817 INFO s.s.S.SPDFApplication [main] Stirling-PDF Started.
2025-08-16 17:25:11,817 INFO s.s.S.SPDFApplication [main] Navigate to http://localhost:8080/
2025-08-16 17:25:11,821 INFO s.s.c.s.TempFileCleanupService [scheduling-1] Running scheduled temporary file cleanup
2025-08-16 17:25:11,823 INFO s.s.c.u.TempFileManager [scheduling-1] Cleaned up 0 old temporary files
2025-08-16 17:25:11,823 INFO s.s.c.s.TempFileCleanupService [scheduling-1] Cleaned up 0 registered temporary files
