2025-10-07 17:40:45,412 INFO s.s.S.SPDFApplication [main] Additional features in jar
2025-10-07 17:40:45,468 INFO s.s.c.c.ConfigInitializer [main] Current settings file line count: 191
2025-10-07 17:40:46,953 INFO s.s.c.c.ConfigInitializer [main] Settings file updated based on template changes.
2025-10-07 17:40:46,954 INFO s.s.S.SPDFApplication [main] Settings file: ./configs/settings.yml
2025-10-07 17:40:46,955 INFO s.s.S.SPDFApplication [main] Custom settings file: ./configs/custom_settings.yml
2025-10-07 17:40:48,596 INFO s.s.S.SPDFApplication [main] Starting SPDFApplication v1.3.2 using Java 21.0.8 with PID 26 (/app.jar started by stirlingpdfuser in /)
2025-10-07 17:40:48,598 INFO s.s.S.SPDFApplication [main] The following 1 profile is active: "security"
2025-10-07 17:40:57,062 INFO s.s.p.s.c.DatabaseConfig [main] Using default H2 database
2025-10-07 17:41:07,903 INFO s.s.p.s.s.KeyPersistenceService [main] Source directory does not exist: configs/db/keys
2025-10-07 17:41:11,013 INFO s.s.S.c.EndpointConfiguration [main] Disabled functional groups: enterprise
2025-10-07 17:41:11,014 INFO s.s.S.c.EndpointConfiguration [main] Total disabled endpoints: 1. Disabled endpoints: url-to-pdf
2025-10-07 17:41:12,064 INFO s.s.c.c.TempFileConfiguration [main] Created temporary directory: /tmp/stirling-pdf/stirling-pdf
2025-10-07 17:41:13,115 INFO s.s.c.u.FileMonitor [main] Monitoring directory: ./pipeline/watchedFolders
2025-10-07 17:41:14,415 INFO s.s.c.s.TempFileCleanupService [main] Created LibreOffice temp directory: /tmp/stirling-pdf/stirling-pdf/libreoffice
2025-10-07 17:41:14,416 INFO s.s.c.s.TempFileCleanupService [main] Running in Docker mode, using aggressive cleanup strategy
2025-10-07 17:41:14,420 INFO s.s.c.s.TempFileCleanupService [main] Startup cleanup complete. Deleted 0 temporary files/directories
2025-10-07 17:41:20,402 INFO s.s.c.s.JobQueue [main] Starting JobQueue lifecycle
2025-10-07 17:41:20,553 WARN s.s.c.u.FileMonitor [scheduling-1] not monitoring any directory, even the root directory itself: ./pipeline/watchedFolders
2025-10-07 17:41:20,555 INFO s.s.c.u.FileMonitor [scheduling-1] Registered directory: ./pipeline/watchedFolders
2025-10-07 17:41:20,557 INFO s.s.S.SPDFApplication [main] Started SPDFApplication in 33.599 seconds (process running for 37.637)
2025-10-07 17:41:20,563 INFO s.s.c.s.TempFileCleanupService [scheduling-1] Running scheduled temporary file cleanup
2025-10-07 17:41:20,565 INFO s.s.c.u.TempFileManager [scheduling-1] Cleaned up 0 old temporary files
2025-10-07 17:41:20,565 INFO s.s.c.s.TempFileCleanupService [scheduling-1] Cleaned up 0 registered temporary files
2025-10-07 17:41:20,576 INFO s.s.S.SPDFApplication [main] Stirling-PDF Started.
2025-10-07 17:41:20,577 INFO s.s.S.SPDFApplication [main] Navigate to http://localhost:8080/
